<?xml version="1.0" encoding="UTF-8"?>
<!-- Generated by org.testng.reporters.JUnitXMLReporter -->
<testsuite hostname="LAPTOP-5LT1O1K6" ignored="0" name="Test" tests="5" failures="0" timestamp="2021-10-20T13:04:45 IST" time="0.062" errors="0">
  <testcase name="createOrgTest" time="0.016" classname="com.crm.orgTest.OrgTest"/>
  <testcase name="editOrgTest" time="0.0" classname="com.crm.orgTest.OrgTest"/>
  <testcase name="createContactTest" time="0.0" classname="com.crm.contacttest.ContactTest"/>
  <testcase name="deleteContactTest" time="0.0" classname="com.crm.contacttest.ContactTest"/>
  <testcase name="editContactTest" time="0.0" classname="com.crm.contacttest.ContactTest"/>
</testsuite> <!-- Test -->
