<?xml version="1.0" encoding="UTF-8"?>
<testng-results skipped="0" failed="0" ignored="0" total="5" passed="5">
  <reporter-output>
  </reporter-output>
  <suite name="Suite" duration-ms="62" started-at="2021-10-20T13:04:45 IST" finished-at="2021-10-20T13:04:45 IST">
    <groups>
    </groups>
    <test name="Test" duration-ms="62" started-at="2021-10-20T13:04:45 IST" finished-at="2021-10-20T13:04:45 IST">
      <class name="com.crm.contacttest.ContactTest">
        <test-method status="PASS" signature="createContactTest()[pri:0, instance:com.crm.contacttest.ContactTest@e320068]" name="createContactTest" duration-ms="0" started-at="2021-10-20T13:04:45 IST" finished-at="2021-10-20T13:04:45 IST">
          <reporter-output>
          </reporter-output>
        </test-method> <!-- createContactTest -->
        <test-method status="PASS" signature="deleteContactTest()[pri:0, instance:com.crm.contacttest.ContactTest@e320068]" name="deleteContactTest" duration-ms="0" started-at="2021-10-20T13:04:45 IST" finished-at="2021-10-20T13:04:45 IST">
          <reporter-output>
          </reporter-output>
        </test-method> <!-- deleteContactTest -->
        <test-method status="PASS" signature="editContactTest()[pri:0, instance:com.crm.contacttest.ContactTest@e320068]" name="editContactTest" duration-ms="0" started-at="2021-10-20T13:04:45 IST" finished-at="2021-10-20T13:04:45 IST">
          <reporter-output>
          </reporter-output>
        </test-method> <!-- editContactTest -->
      </class> <!-- com.crm.contacttest.ContactTest -->
      <class name="com.crm.orgTest.OrgTest">
        <test-method status="PASS" signature="createOrgTest()[pri:0, instance:com.crm.orgTest.OrgTest@15d0c81b]" name="createOrgTest" duration-ms="16" started-at="2021-10-20T13:04:45 IST" finished-at="2021-10-20T13:04:45 IST">
          <reporter-output>
          </reporter-output>
        </test-method> <!-- createOrgTest -->
        <test-method status="PASS" signature="editOrgTest()[pri:0, instance:com.crm.orgTest.OrgTest@15d0c81b]" name="editOrgTest" duration-ms="0" started-at="2021-10-20T13:04:45 IST" finished-at="2021-10-20T13:04:45 IST">
          <reporter-output>
          </reporter-output>
        </test-method> <!-- editOrgTest -->
      </class> <!-- com.crm.orgTest.OrgTest -->
    </test> <!-- Test -->
  </suite> <!-- Suite -->
</testng-results>
